		**********    Job started   at Sun Oct 20 18:32:33 IST 2013    **********

This is deck number 1
Random gate picked = DFFPOSX1 
the random gate selected is gate number 27 
12 ----- 2
XiDFF_24_q_reg iDFF_24_q_reg:Q iDFF_24_q_reg:CLK iDFF_24_q_reg:D  iDFF_24_q_reg:gnd iDFF_24_q_reg:vdd DFFPOSX1-------------DFFPOSX1
selected clock cycle : 100
Random glitch point is at time 1.42061344093991e-09 
		 !! SPICE DECK DIRECTORY CREATED !!
N1
N5
N9
N13
N17
N21
N25
N29
N33
N37
N41
N45
N49
N53
N57
N61
N65
N69
N73
N77
N81
N85
N89
N93
N97
N101
N105
N109
N113
N117
N121
N125
N129
N130
N131
N132
N133
N134
N135
N136
N137
IN_N1
IN_N5
IN_N9
IN_N13
IN_N17
IN_N21
IN_N25
IN_N29
IN_N33
IN_N37
IN_N41
IN_N45
IN_N49
IN_N53
IN_N57
IN_N61
IN_N65
IN_N69
IN_N73
IN_N77
IN_N81
IN_N85
IN_N89
IN_N93
IN_N97
IN_N101
IN_N105
IN_N109
IN_N113
IN_N117
IN_N121
IN_N125
IN_N129
IN_N130
IN_N131
IN_N132
IN_N133
IN_N134
IN_N135
IN_N136
IN_N137
Qout_N724
Qout_N725
Qout_N726
Qout_N727
Qout_N728
Qout_N729
Qout_N730
Qout_N731
Qout_N732
Qout_N733
Qout_N734
Qout_N735
Qout_N736
Qout_N737
Qout_N738
Qout_N739
Qout_N740
Qout_N741
Qout_N742
Qout_N743
Qout_N744
Qout_N745
Qout_N746
Qout_N747
Qout_N748
Qout_N749
Qout_N750
Qout_N751
Qout_N752
Qout_N753
Qout_N754
Qout_N755
nn1
nn2
nn3
nn4
nn5
nn6
nn7
nn8
nn9
nn10
nn11
nn12
nn13
nn14
nn15
nn16
nn17
nn18
nn19
nn20
nn21
nn22
nn23
nn24
nn25
nn26
nn27
nn28
nn29
nn30
nn31
nn32
nn33
nn34
nn35
nn36
nn37
nn38
nn39
nn40
nn41
nn42
nn43
nn44
nn45
nn46
nn47
nn48
nn49
0
0
0
0
0
0
0
0
0
0
0
0
0
0
0
0
0
0
0
0
0
0
0
0
0
0
0
0
0
0
0
0
