	*******    Job started   at Sat Oct 19 23:03:37 IST 2013    **********
	******Giltched version of the library file and technology file included in the spice file
N1
N1
N5
N5
N9
N9
N13
N13
N17
N17
N21
N21
N25
N25
N29
N29
N33
N33
N37
N37
N41
N41
N45
N45
N49
N49
N53
N53
N57
N57
N61
N61
N65
N65
N69
N69
N73
N73
N77
N77
N81
N81
N85
N85
N89
N89
N93
N93
N97
N97
N101
N101
N105
N105
N109
N109
N113
N113
N117
N117
N121
N121
N125
N125
N129
N129
N130
N130
N131
N131
N132
N132
N133
N133
N134
N134
N135
N135
N136
N136
N137
N137
Q_N724
Q_N724
Q_N725
Q_N725
Q_N726
Q_N726
Q_N727
Q_N727
Q_N728
Q_N728
Q_N729
Q_N729
Q_N730
Q_N730
Q_N731
Q_N731
Q_N732
Q_N732
Q_N733
Q_N733
Q_N734
Q_N734
Q_N735
Q_N735
Q_N736
Q_N736
Q_N737
Q_N737
Q_N738
Q_N738
Q_N739
Q_N739
Q_N740
Q_N740
Q_N741
Q_N741
Q_N742
Q_N742
Q_N743
Q_N743
Q_N744
Q_N744
Q_N745
Q_N745
Q_N746
Q_N746
Q_N747
Q_N747
Q_N748
Q_N748
Q_N749
Q_N749
Q_N750
Q_N750
Q_N751
Q_N751
Q_N752
Q_N752
Q_N753
Q_N753
Q_N754
Q_N754
Q_N755
Q_N755
IN_N125
IN_N125
IN_N121
IN_N121
IN_N113
IN_N113
IN_N109
IN_N109
IN_N105
IN_N105
IN_N101
IN_N101
IN_N97
IN_N97
IN_N93
IN_N93
IN_N89
IN_N89
IN_N85
IN_N85
IN_N81
IN_N81
IN_N77
IN_N77
IN_N73
IN_N73
IN_N69
IN_N69
IN_N65
IN_N65
IN_N61
IN_N61
IN_N57
IN_N57
IN_N53
IN_N53
IN_N45
IN_N45
IN_N41
IN_N41
IN_N37
IN_N37
IN_N33
IN_N33
IN_N29
IN_N29
IN_N25
IN_N25
IN_N21
IN_N21
IN_N17
IN_N17
IN_N13
IN_N13
IN_N9
IN_N9
IN_N5
IN_N5
IN_N1
IN_N1
c0_nn47
c0_nn47
c0_nn35
c0_nn35
c0_nn32
c0_nn32
c0_nn94
c0_nn94
c0_nn67
c0_nn67
c0_nn70
c0_nn70
c0_nn62
c0_nn62
c0_nn39
c0_nn39
c0_nn37
c0_nn37
c0_nn30
c0_nn30
nn215
nn215
nn214
nn214
nn213
nn213
nn212
nn212
nn211
nn211
nn210
nn210
nn209
nn209
nn208
nn208
nn207
nn207

	********** Input output of the RTL file extracted
	*************Fills removed from the spice file
	*************Sub circuit instantiated in the spice file
	********control statement written in the spice file

 SPICE FILE written named reference_spice.sp
