 
****************************************
Report : area
Design : c499_clk_opFF
Version: E-2010.12-SP1
Date   : Tue Oct 22 00:06:34 2013
****************************************

Library(s) Used:

    osu018_stdcells (File: /cad/digital/rtl2gds/rtl2gds_install/LIB/lib/tsmc018/lib/osu018_stdcells.db)

Number of ports:                           74
Number of nets:                           179
Number of cells:                          106
Number of combinational cells:              0
Number of sequential cells:                 0
Number of macros:                           0
Number of buf/inv:                          0
Number of references:                     106

Combinational area:       7746.000000
Noncombinational area:    10080.000000
Net Interconnect area:      undefined  (No wire load specified)

Total cell area:          17826.000000
Total area:                 undefined
1
